
> react-app@0.0.0 dev
> vite --host 0.0.0.0 --port 5175 --debug

2025-05-27T04:42:02.313Z vite:config bundled config file loaded in 179.15ms
2025-05-27T04:42:02.343Z vite:config using resolved config: {
  plugins: [
    'vite:optimized-deps',
    'vite:watch-package-data',
    'vite:pre-alias',
    'alias',
    'vite:react-babel',
    'vite:react-refresh',
    'vite:react-jsx',
    'vite:modulepreload-polyfill',
    'vite:resolve',
    'vite:html-inline-proxy',
    'vite:css',
    'vite:esbuild',
    'vite:json',
    'vite:wasm-helper',
    'vite:worker',
    'vite:asset',
    'vite:wasm-fallback',
    'vite:define',
    'vite:css-post',
    'vite:worker-import-meta-url',
    'vite:asset-import-meta-url',
    'vite:dynamic-import-vars',
    'vite:import-glob',
    'vite:client-inject',
    'vite:import-analysis'
  ],
  resolve: {
    mainFields: [ 'module', 'jsnext:main', 'jsnext' ],
    browserField: true,
    conditions: [],
    extensions: [
      '.mjs',  '.js',
      '.mts',  '.ts',
      '.jsx',  '.tsx',
      '.json'
    ],
    dedupe: [ 'react', 'react-dom' ],
    preserveSymlinks: false,
    alias: [ [Object], [Object], [Object] ]
  },
  server: {
    preTransformRequests: true,
    port: 5175,
    proxy: { '/api': [Object] },
    host: '0.0.0.0',
    sourcemapIgnoreList: [Function: isInNodeModules],
    middlewareMode: false,
    fs: { strict: true, allow: [Array], deny: [Array] }
  },
  optimizeDeps: {
    disabled: 'build',
    force: undefined,
    include: [ 'react/jsx-runtime', 'react/jsx-dev-runtime', 'react' ],
    esbuildOptions: { preserveSymlinks: false }
  },
  esbuild: {
    jsxDev: true,
    jsx: 'automatic',
    jsxImportSource: undefined,
    jsxSideEffects: false
  },
  configFile: '/workspace/repo/vite.config.ts',
  configFileDependencies: [ '/workspace/repo/vite.config.ts' ],
  inlineConfig: {
    root: undefined,
    base: undefined,
    mode: undefined,
    configFile: undefined,
    logLevel: undefined,
    clearScreen: undefined,
    optimizeDeps: { force: undefined },
    server: { host: '0.0.0.0', port: 5175 }
  },
  root: '/workspace/repo',
  base: '/',
  rawBase: '/',
  publicDir: '/workspace/repo/public',
  cacheDir: '/workspace/repo/node_modules/.vite',
  command: 'serve',
  mode: 'development',
  ssr: {
    format: 'esm',
    target: 'node',
    optimizeDeps: { disabled: true, esbuildOptions: [Object] }
  },
  isWorker: false,
  mainConfig: null,
  isProduction: false,
  css: undefined,
  build: {
    target: [ 'es2020', 'edge88', 'firefox78', 'chrome87', 'safari14' ],
    cssTarget: [ 'es2020', 'edge88', 'firefox78', 'chrome87', 'safari14' ],
    outDir: 'dist',
    assetsDir: 'assets',
    assetsInlineLimit: 4096,
    cssCodeSplit: true,
    sourcemap: false,
    rollupOptions: {},
    minify: 'esbuild',
    terserOptions: {},
    write: true,
    emptyOutDir: null,
    copyPublicDir: true,
    manifest: false,
    lib: false,
    ssr: false,
    ssrManifest: false,
    ssrEmitAssets: false,
    reportCompressedSize: true,
    chunkSizeWarningLimit: 500,
    watch: null,
    commonjsOptions: { include: [Array], extensions: [Array] },
    dynamicImportVarsOptions: { warnOnError: true, exclude: [Array] },
    modulePreload: { polyfill: true },
    cssMinify: true
  },
  preview: {
    port: undefined,
    strictPort: undefined,
    host: '0.0.0.0',
    allowedHosts: undefined,
    https: undefined,
    open: undefined,
    proxy: { '/api': [Object] },
    cors: undefined,
    headers: undefined
  },
  envDir: '/workspace/repo',
  env: {
    VITE_SUPABASE_URL: 'http://localhost:54321',
    VITE_SUPABASE_ANON_KEY: 'eyJhbGciOiJIUzI1NiIsInR5cCI6IkpXVCJ9.eyJpc3MiOiJzdXBhYmFzZS1kZW1vIiwicm9sZSI6ImFub24ifQ.625_WdcF3KHqz5amU0x2X5WWHP-OEs_4qj0ssLNHzTs',
    BASE_URL: '/',
    MODE: 'development',
    DEV: true,
    PROD: false
  },
  assetsInclude: [Function: assetsInclude],
  logger: {
    hasWarned: false,
    info: [Function: info],
    warn: [Function: warn],
    warnOnce: [Function: warnOnce],
    error: [Function: error],
    clearScreen: [Function: clearScreen],
    hasErrorLogged: [Function: hasErrorLogged]
  },
  packageCache: Map(1) {
    'fnpd_/workspace/repo' => {
      dir: '/workspace/repo',
      data: [Object],
      hasSideEffects: [Function: hasSideEffects],
      webResolvedImports: {},
      nodeResolvedImports: {},
      setResolvedCache: [Function: setResolvedCache],
      getResolvedCache: [Function: getResolvedCache]
    },
    set: [Function (anonymous)]
  },
  createResolver: [Function: createResolver],
  worker: {
    format: 'iife',
    plugins: [
      'vite:optimized-deps',
      'vite:watch-package-data',
      'vite:pre-alias',
      'alias',
      'vite:modulepreload-polyfill',
      'vite:resolve',
      'vite:html-inline-proxy',
      'vite:css',
      'vite:esbuild',
      'vite:json',
      'vite:wasm-helper',
      'vite:worker',
      'vite:asset',
      'vite:wasm-fallback',
      'vite:define',
      'vite:css-post',
      'vite:worker-import-meta-url',
      'vite:asset-import-meta-url',
      'vite:dynamic-import-vars',
      'vite:import-glob',
      'vite:client-inject',
      'vite:import-analysis'
    ],
    rollupOptions: {},
    getSortedPlugins: [Function: getSortedPlugins],
    getSortedPluginHooks: [Function: getSortedPluginHooks]
  },
  appType: 'spa',
  experimental: { importGlobRestoreExtension: false, hmrPartialAccept: false },
  webSocketToken: 'v1SbPrxklCC9',
  additionalAllowedHosts: [ '0.0.0.0', '0.0.0.0' ],
  getSortedPlugins: [Function: getSortedPlugins],
  getSortedPluginHooks: [Function: getSortedPluginHooks]
}
2025-05-27T04:42:02.366Z vite:deps Hash is consistent. Skipping. Use --force to override.

  VITE v4.5.14  ready in 403 ms

  ➜  Local:   http://localhost:5175/
  ➜  Network: http://172.17.0.4:5175/
  ➜  press h to show help
2025-05-27T04:42:02.378Z vite:esbuild 37.88ms tsconfck init /workspace/repo
2025-05-27T04:42:02.385Z vite:hmr [file change] server.log
2025-05-27T04:42:02.385Z vite:hmr [no modules matched] server.log
